#!RESULT OK
#!CONNECTION ldap://192.168.149.9:1389
#!DATE 2014-09-12T10:02:56.435
dn: ou=External,dc=mot,dc=gov,dc=uk
objectClass: top
objectClass: organizationalUnit
ou: External

#!RESULT OK
#!CONNECTION ldap://192.168.149.9:1389
#!DATE 2014-09-12T10:02:56.518
dn: uid=motUser.1,ou=External,dc=mot,dc=gov,dc=uk
objectClass: motUser
objectClass: top
objectClass: organizationalPerson
objectClass: person
cn: RACHELE
sn: BACHOR
givenName: RACHELE BACHOR
oAthCounter: 1
oAthSecret: 4095840935848509
oAthTokenID: T873465
mail: RACHELE.BACHOR@localhost
uid: motUser.1
#inetUserStatus: Active
userPassword: password 


#!RESULT OK
#!CONNECTION ldap://192.168.149.9:1389
#!DATE 2014-09-12T10:02:56.555
dn: uid=motUser.2,ou=External,dc=mot,dc=gov,dc=uk
objectClass: motUser
objectClass: top
objectClass: organizationalPerson
objectClass: person
cn: GLINDA
sn: LUCK
givenName: GLINDA LUCK
oAthCounter: 1
oAthSecret: 4095840935848509
oAthTokenID: T873465
mail: GLINDA.LUCK@localhost
uid: motUser.2
#inetUserStatus: Active
userPassword: password 


#!RESULT OK
#!CONNECTION ldap://192.168.149.9:1389
#!DATE 2014-09-12T10:02:56.591
dn: uid=motUser.3,ou=External,dc=mot,dc=gov,dc=uk
objectClass: motUser
objectClass: top
objectClass: organizationalPerson
objectClass: person
cn: MELANIE
sn: MOSEBY
givenName: MELANIE MOSEBY
oAthCounter: 1
oAthSecret: 4095840935848509
oAthTokenID: T873465
mail: MELANIE.MOSEBY@localhost
uid: motUser.3
#inetUserStatus: Active
userPassword: password 


#!RESULT OK
#!CONNECTION ldap://192.168.149.9:1389
#!DATE 2014-09-12T10:02:56.626
dn: uid=motUser.4,ou=External,dc=mot,dc=gov,dc=uk
objectClass: motUser
objectClass: top
objectClass: organizationalPerson
objectClass: person
cn: ARLEN
sn: CURENTON
givenName: ARLEN CURENTON
oAthCounter: 1
oAthSecret: 4095840935848509
oAthTokenID: T873465
mail: ARLEN.CURENTON@localhost
uid: motUser.4
#inetUserStatus: Active
userPassword: password 


#!RESULT OK
#!CONNECTION ldap://192.168.149.9:1389
#!DATE 2014-09-12T10:02:56.656
dn: uid=motUser.5,ou=External,dc=mot,dc=gov,dc=uk
objectClass: motUser
objectClass: top
objectClass: organizationalPerson
objectClass: person
cn: ANGLE
sn: PALUBIAK
givenName: ANGLE PALUBIAK
oAthCounter: 1
oAthSecret: 4095840935848509
oAthTokenID: T873465
mail: ANGLE.PALUBIAK@localhost
uid: motUser.5
#inetUserStatus: Active
userPassword: password 


#!RESULT OK
#!CONNECTION ldap://192.168.149.9:1389
#!DATE 2014-09-12T10:02:56.693
dn: uid=motUser.6,ou=External,dc=mot,dc=gov,dc=uk
objectClass: motUser
objectClass: top
objectClass: organizationalPerson
objectClass: person
cn: FRANCINA
sn: PERAZA
givenName: FRANCINA PERAZA
oAthCounter: 1
oAthSecret: 4095840935848509
oAthTokenID: T873465
mail: FRANCINA.PERAZA@localhost
uid: motUser.6
#inetUserStatus: Active
userPassword: password 


#!RESULT OK
#!CONNECTION ldap://192.168.149.9:1389
#!DATE 2014-09-12T10:02:56.725
dn: uid=motUser.7,ou=External,dc=mot,dc=gov,dc=uk
objectClass: motUser
objectClass: top
objectClass: organizationalPerson
objectClass: person
cn: PHUONG
sn: MODERO
givenName: PHUONG MODERO
oAthCounter: 1
oAthSecret: 4095840935848509
oAthTokenID: T873465
mail: PHUONG.MODERO@localhost
uid: motUser.7
#inetUserStatus: Active
userPassword: password 


#!RESULT OK
#!CONNECTION ldap://192.168.149.9:1389
#!DATE 2014-09-12T10:02:56.758
dn: uid=motUser.8,ou=External,dc=mot,dc=gov,dc=uk
objectClass: motUser
objectClass: top
objectClass: organizationalPerson
objectClass: person
cn: DORETHEA
sn: CLOKEY
givenName: DORETHEA CLOKEY
oAthCounter: 1
oAthSecret: 4095840935848509
oAthTokenID: T873465
mail: DORETHEA.CLOKEY@localhost
uid: motUser.8
#inetUserStatus: Active
userPassword: password 


#!RESULT OK
#!CONNECTION ldap://192.168.149.9:1389
#!DATE 2014-09-12T10:02:56.823
dn: uid=motUser.9,ou=External,dc=mot,dc=gov,dc=uk
objectClass: motUser
objectClass: top
objectClass: organizationalPerson
objectClass: person
cn: MARVIS
sn: MAGANA
givenName: MARVIS MAGANA
oAthCounter: 1
oAthSecret: 4095840935848509
oAthTokenID: T873465
mail: MARVIS.MAGANA@localhost
uid: motUser.9
#inetUserStatus: Active
userPassword: password 


#!RESULT OK
#!CONNECTION ldap://192.168.149.9:1389
#!DATE 2014-09-12T10:02:56.864
dn: uid=motUser.10,ou=External,dc=mot,dc=gov,dc=uk
objectClass: motUser
objectClass: top
objectClass: organizationalPerson
objectClass: person
cn: STEPHANY
sn: JANOWER
givenName: STEPHANY JANOWER
oAthCounter: 1
oAthSecret: 4095840935848509
oAthTokenID: T873465
mail: STEPHANY.JANOWER@localhost
uid: motUser.10
#inetUserStatus: Active
userPassword: password 


#!RESULT OK
#!CONNECTION ldap://192.168.149.9:1389
#!DATE 2014-09-12T10:02:56.956
dn: uid=motUser.11,ou=External,dc=mot,dc=gov,dc=uk
objectClass: motUser
objectClass: top
objectClass: organizationalPerson
objectClass: person
cn: JANNA
sn: EARVIN
givenName: JANNA EARVIN
oAthCounter: 1
oAthSecret: 4095840935848509
oAthTokenID: T873465
mail: JANNA.EARVIN@localhost
uid: motUser.11
#inetUserStatus: Active
userPassword: password 


#!RESULT OK
#!CONNECTION ldap://192.168.149.9:1389
#!DATE 2014-09-12T10:02:57.005
dn: uid=motUser.12,ou=External,dc=mot,dc=gov,dc=uk
objectClass: motUser
objectClass: top
objectClass: organizationalPerson
objectClass: person
cn: ARLEN
sn: DOLVEN
givenName: ARLEN DOLVEN
oAthCounter: 1
oAthSecret: 4095840935848509
oAthTokenID: T873465
mail: ARLEN.DOLVEN@localhost
uid: motUser.12
#inetUserStatus: Active
userPassword: password 


#!RESULT OK
#!CONNECTION ldap://192.168.149.9:1389
#!DATE 2014-09-12T10:02:57.090
dn: uid=motUser.13,ou=External,dc=mot,dc=gov,dc=uk
objectClass: motUser
objectClass: top
objectClass: organizationalPerson
objectClass: person
cn: IRISH
sn: BORGER
givenName: IRISH BORGER
oAthCounter: 1
oAthSecret: 4095840935848509
oAthTokenID: T873465
mail: IRISH.BORGER@localhost
uid: motUser.13
#inetUserStatus: Active
userPassword: password 


#!RESULT OK
#!CONNECTION ldap://192.168.149.9:1389
#!DATE 2014-09-12T10:02:57.156
dn: uid=motUser.14,ou=External,dc=mot,dc=gov,dc=uk
objectClass: motUser
objectClass: top
objectClass: organizationalPerson
objectClass: person
cn: DARNELL
sn: DONSON
givenName: DARNELL DONSON
oAthCounter: 1
oAthSecret: 4095840935848509
oAthTokenID: T873465
mail: DARNELL.DONSON@localhost
uid: motUser.14
#inetUserStatus: Active
userPassword: password 


#!RESULT OK
#!CONNECTION ldap://192.168.149.9:1389
#!DATE 2014-09-12T10:02:57.201
dn: uid=motUser.15,ou=External,dc=mot,dc=gov,dc=uk
objectClass: motUser
objectClass: top
objectClass: organizationalPerson
objectClass: person
cn: COLBY
sn: STECHUCHAK
givenName: COLBY STECHUCHAK
oAthCounter: 1
oAthSecret: 4095840935848509
oAthTokenID: T873465
mail: COLBY.STECHUCHAK@localhost
uid: motUser.15
#inetUserStatus: Active
userPassword: password 


#!RESULT OK
#!CONNECTION ldap://192.168.149.9:1389
#!DATE 2014-09-12T10:02:57.239
dn: uid=motUser.16,ou=External,dc=mot,dc=gov,dc=uk
objectClass: motUser
objectClass: top
objectClass: organizationalPerson
objectClass: person
cn: ELMO
sn: ONYEANUS
givenName: ELMO ONYEANUS
oAthCounter: 1
oAthSecret: 4095840935848509
oAthTokenID: T873465
mail: ELMO.ONYEANUS@localhost
uid: motUser.16
#inetUserStatus: Active
userPassword: password 


#!RESULT OK
#!CONNECTION ldap://192.168.149.9:1389
#!DATE 2014-09-12T10:02:57.271
dn: uid=motUser.17,ou=External,dc=mot,dc=gov,dc=uk
objectClass: motUser
objectClass: top
objectClass: organizationalPerson
objectClass: person
cn: KYM
sn: PARISH
givenName: KYM PARISH
oAthCounter: 1
oAthSecret: 4095840935848509
oAthTokenID: T873465
mail: KYM.PARISH@localhost
uid: motUser.17
#inetUserStatus: Active
userPassword: password 


#!RESULT OK
#!CONNECTION ldap://192.168.149.9:1389
#!DATE 2014-09-12T10:02:57.304
dn: uid=motUser.18,ou=External,dc=mot,dc=gov,dc=uk
objectClass: motUser
objectClass: top
objectClass: organizationalPerson
objectClass: person
cn: YOKO
sn: GRUBMAN
givenName: YOKO GRUBMAN
oAthCounter: 1
oAthSecret: 4095840935848509
oAthTokenID: T873465
mail: YOKO.GRUBMAN@localhost
uid: motUser.18
#inetUserStatus: Active
userPassword: password 


#!RESULT OK
#!CONNECTION ldap://192.168.149.9:1389
#!DATE 2014-09-12T10:02:57.381
dn: uid=motUser.19,ou=External,dc=mot,dc=gov,dc=uk
objectClass: motUser
objectClass: top
objectClass: organizationalPerson
objectClass: person
cn: LUCINDA
sn: BROUK
givenName: LUCINDA BROUK
oAthCounter: 1
oAthSecret: 4095840935848509
oAthTokenID: T873465
mail: LUCINDA.BROUK@localhost
uid: motUser.19
#inetUserStatus: Active
userPassword: password 


#!RESULT OK
#!CONNECTION ldap://192.168.149.9:1389
#!DATE 2014-09-12T10:02:57.415
dn: uid=motUser.20,ou=External,dc=mot,dc=gov,dc=uk
objectClass: motUser
objectClass: top
objectClass: organizationalPerson
objectClass: person
cn: LAWANA
sn: TOKLEY
givenName: LAWANA TOKLEY
oAthCounter: 1
oAthSecret: 4095840935848509
oAthTokenID: T873465
mail: LAWANA.TOKLEY@localhost
uid: motUser.20
#inetUserStatus: Active
userPassword: password 


#!RESULT OK
#!CONNECTION ldap://192.168.149.9:1389
#!DATE 2014-09-12T10:02:57.444
dn: uid=motUser.21,ou=External,dc=mot,dc=gov,dc=uk
objectClass: motUser
objectClass: top
objectClass: organizationalPerson
objectClass: person
cn: PEGGY
sn: AMELUNG
givenName: PEGGY AMELUNG
oAthCounter: 1
oAthSecret: 4095840935848509
oAthTokenID: T873465
mail: PEGGY.AMELUNG@localhost
uid: motUser.21
#inetUserStatus: Active
userPassword: password 


#!RESULT OK
#!CONNECTION ldap://192.168.149.9:1389
#!DATE 2014-09-12T10:02:57.475
dn: uid=motUser.22,ou=External,dc=mot,dc=gov,dc=uk
objectClass: motUser
objectClass: top
objectClass: organizationalPerson
objectClass: person
cn: MINA
sn: TONN
givenName: MINA TONN
oAthCounter: 1
oAthSecret: 4095840935848509
oAthTokenID: T873465
mail: MINA.TONN@localhost
uid: motUser.22
#inetUserStatus: Active
userPassword: password 


#!RESULT OK
#!CONNECTION ldap://192.168.149.9:1389
#!DATE 2014-09-12T10:02:57.527
dn: uid=motUser.23,ou=External,dc=mot,dc=gov,dc=uk
objectClass: motUser
objectClass: top
objectClass: organizationalPerson
objectClass: person
cn: ALLYSON
sn: GOLDIN
givenName: ALLYSON GOLDIN
oAthCounter: 1
oAthSecret: 4095840935848509
oAthTokenID: T873465
mail: ALLYSON.GOLDIN@localhost
uid: motUser.23
#inetUserStatus: Active
userPassword: password 


#!RESULT OK
#!CONNECTION ldap://192.168.149.9:1389
#!DATE 2014-09-12T10:02:57.557
dn: uid=motUser.24,ou=External,dc=mot,dc=gov,dc=uk
objectClass: motUser
objectClass: top
objectClass: organizationalPerson
objectClass: person
cn: SUNNI
sn: BENCK
givenName: SUNNI BENCK
oAthCounter: 1
oAthSecret: 4095840935848509
oAthTokenID: T873465
mail: SUNNI.BENCK@localhost
uid: motUser.24
#inetUserStatus: Active
userPassword: password 


#!RESULT OK
#!CONNECTION ldap://192.168.149.9:1389
#!DATE 2014-09-12T10:02:57.599
dn: uid=motUser.25,ou=External,dc=mot,dc=gov,dc=uk
objectClass: motUser
objectClass: top
objectClass: organizationalPerson
objectClass: person
cn: SUMMER
sn: MAXWELL
givenName: SUMMER MAXWELL
oAthCounter: 1
oAthSecret: 4095840935848509
oAthTokenID: T873465
mail: SUMMER.MAXWELL@localhost
uid: motUser.25
#inetUserStatus: Active
userPassword: password 


#!RESULT OK
#!CONNECTION ldap://192.168.149.9:1389
#!DATE 2014-09-12T10:02:57.629
dn: uid=motUser.26,ou=External,dc=mot,dc=gov,dc=uk
objectClass: motUser
objectClass: top
objectClass: organizationalPerson
objectClass: person
cn: AMAL
sn: RUYLE
givenName: AMAL RUYLE
oAthCounter: 1
oAthSecret: 4095840935848509
oAthTokenID: T873465
mail: AMAL.RUYLE@localhost
uid: motUser.26
#inetUserStatus: Active
userPassword: password 


#!RESULT OK
#!CONNECTION ldap://192.168.149.9:1389
#!DATE 2014-09-12T10:02:57.657
dn: uid=motUser.27,ou=External,dc=mot,dc=gov,dc=uk
objectClass: motUser
objectClass: top
objectClass: organizationalPerson
objectClass: person
cn: ALEXIA
sn: CALDER
givenName: ALEXIA CALDER
oAthCounter: 1
oAthSecret: 4095840935848509
oAthTokenID: T873465
mail: ALEXIA.CALDER@localhost
uid: motUser.27
#inetUserStatus: Active
userPassword: password 


#!RESULT OK
#!CONNECTION ldap://192.168.149.9:1389
#!DATE 2014-09-12T10:02:57.687
dn: uid=motUser.28,ou=External,dc=mot,dc=gov,dc=uk
objectClass: motUser
objectClass: top
objectClass: organizationalPerson
objectClass: person
cn: ROXIE
sn: MARGOT
givenName: ROXIE MARGOT
oAthCounter: 1
oAthSecret: 4095840935848509
oAthTokenID: T873465
mail: ROXIE.MARGOT@localhost
uid: motUser.28
#inetUserStatus: Active
userPassword: password 


#!RESULT OK
#!CONNECTION ldap://192.168.149.9:1389
#!DATE 2014-09-12T10:02:57.750
dn: uid=motUser.29,ou=External,dc=mot,dc=gov,dc=uk
objectClass: motUser
objectClass: top
objectClass: organizationalPerson
objectClass: person
cn: EDELMIRA
sn: NOTTE
givenName: EDELMIRA NOTTE
oAthCounter: 1
oAthSecret: 4095840935848509
oAthTokenID: T873465
mail: EDELMIRA.NOTTE@localhost
uid: motUser.29
#inetUserStatus: Active
userPassword: password 


#!RESULT OK
#!CONNECTION ldap://192.168.149.9:1389
#!DATE 2014-09-12T10:02:57.808
dn: uid=motUser.30,ou=External,dc=mot,dc=gov,dc=uk
objectClass: motUser
objectClass: top
objectClass: organizationalPerson
objectClass: person
cn: TAMA
sn: ROTHMANN
givenName: TAMA ROTHMANN
oAthCounter: 1
oAthSecret: 4095840935848509
oAthTokenID: T873465
mail: TAMA.ROTHMANN@localhost
uid: motUser.30
#inetUserStatus: Active
userPassword: password 


#!RESULT OK
#!CONNECTION ldap://192.168.149.9:1389
#!DATE 2014-09-12T10:02:57.857
dn: uid=motUser.31,ou=External,dc=mot,dc=gov,dc=uk
objectClass: motUser
objectClass: top
objectClass: organizationalPerson
objectClass: person
cn: ROSELINE
sn: SMAYDA
givenName: ROSELINE SMAYDA
oAthCounter: 1
oAthSecret: 4095840935848509
oAthTokenID: T873465
mail: ROSELINE.SMAYDA@localhost
uid: motUser.31
#inetUserStatus: Active
userPassword: password 


#!RESULT OK
#!CONNECTION ldap://192.168.149.9:1389
#!DATE 2014-09-12T10:02:57.905
dn: uid=motUser.32,ou=External,dc=mot,dc=gov,dc=uk
objectClass: motUser
objectClass: top
objectClass: organizationalPerson
objectClass: person
cn: ESTELLE
sn: GEISEL
givenName: ESTELLE GEISEL
oAthCounter: 1
oAthSecret: 4095840935848509
oAthTokenID: T873465
mail: ESTELLE.GEISEL@localhost
uid: motUser.32
#inetUserStatus: Active
userPassword: password 


#!RESULT OK
#!CONNECTION ldap://192.168.149.9:1389
#!DATE 2014-09-12T10:02:57.953
dn: uid=motUser.33,ou=External,dc=mot,dc=gov,dc=uk
objectClass: motUser
objectClass: top
objectClass: organizationalPerson
objectClass: person
cn: EVELYNE
sn: LAWALL
givenName: EVELYNE LAWALL
oAthCounter: 1
oAthSecret: 4095840935848509
oAthTokenID: T873465
mail: EVELYNE.LAWALL@localhost
uid: motUser.33
#inetUserStatus: Active
userPassword: password 


#!RESULT OK
#!CONNECTION ldap://192.168.149.9:1389
#!DATE 2014-09-12T10:02:57.977
dn: uid=motUser.34,ou=External,dc=mot,dc=gov,dc=uk
objectClass: motUser
objectClass: top
objectClass: organizationalPerson
objectClass: person
cn: TOBI
sn: CARLINI
givenName: TOBI CARLINI
oAthCounter: 1
oAthSecret: 4095840935848509
oAthTokenID: T873465
mail: TOBI.CARLINI@localhost
uid: motUser.34
#inetUserStatus: Active
userPassword: password 


#!RESULT OK
#!CONNECTION ldap://192.168.149.9:1389
#!DATE 2014-09-12T10:02:58.001
dn: uid=motUser.35,ou=External,dc=mot,dc=gov,dc=uk
objectClass: motUser
objectClass: top
objectClass: organizationalPerson
objectClass: person
cn: ROY
sn: RANTANEN
givenName: ROY RANTANEN
oAthCounter: 1
oAthSecret: 4095840935848509
oAthTokenID: T873465
mail: ROY.RANTANEN@localhost
uid: motUser.35
#inetUserStatus: Active
userPassword: password 


#!RESULT OK
#!CONNECTION ldap://192.168.149.9:1389
#!DATE 2014-09-12T10:02:58.047
dn: uid=motUser.36,ou=External,dc=mot,dc=gov,dc=uk
objectClass: motUser
objectClass: top
objectClass: organizationalPerson
objectClass: person
cn: COLTON
sn: FROGGE
givenName: COLTON FROGGE
oAthCounter: 1
oAthSecret: 4095840935848509
oAthTokenID: T873465
mail: COLTON.FROGGE@localhost
uid: motUser.36
#inetUserStatus: Active
userPassword: password 


#!RESULT OK
#!CONNECTION ldap://192.168.149.9:1389
#!DATE 2014-09-12T10:02:58.079
dn: uid=motUser.37,ou=External,dc=mot,dc=gov,dc=uk
objectClass: motUser
objectClass: top
objectClass: organizationalPerson
objectClass: person
cn: HECTOR
sn: PROPHET
givenName: HECTOR PROPHET
oAthCounter: 1
oAthSecret: 4095840935848509
oAthTokenID: T873465
mail: HECTOR.PROPHET@localhost
uid: motUser.37
#inetUserStatus: Active
userPassword: password 


#!RESULT OK
#!CONNECTION ldap://192.168.149.9:1389
#!DATE 2014-09-12T10:02:58.119
dn: uid=motUser.38,ou=External,dc=mot,dc=gov,dc=uk
objectClass: motUser
objectClass: top
objectClass: organizationalPerson
objectClass: person
cn: SCOTTY
sn: TRUFIN
givenName: SCOTTY TRUFIN
oAthCounter: 1
oAthSecret: 4095840935848509
oAthTokenID: T873465
mail: SCOTTY.TRUFIN@localhost
uid: motUser.38
#inetUserStatus: Active
userPassword: password 


#!RESULT OK
#!CONNECTION ldap://192.168.149.9:1389
#!DATE 2014-09-12T10:02:58.156
dn: uid=motUser.39,ou=External,dc=mot,dc=gov,dc=uk
objectClass: motUser
objectClass: top
objectClass: organizationalPerson
objectClass: person
cn: KAYE
sn: MESTAYER
givenName: KAYE MESTAYER
oAthCounter: 1
oAthSecret: 4095840935848509
oAthTokenID: T873465
mail: KAYE.MESTAYER@localhost
uid: motUser.39
#inetUserStatus: Active
userPassword: password 


#!RESULT OK
#!CONNECTION ldap://192.168.149.9:1389
#!DATE 2014-09-12T10:02:58.188
dn: uid=motUser.40,ou=External,dc=mot,dc=gov,dc=uk
objectClass: motUser
objectClass: top
objectClass: organizationalPerson
objectClass: person
cn: MAVIS
sn: BARLETT
givenName: MAVIS BARLETT
oAthCounter: 1
oAthSecret: 4095840935848509
oAthTokenID: T873465
mail: MAVIS.BARLETT@localhost
uid: motUser.40
#inetUserStatus: Active
userPassword: password 


#!RESULT OK
#!CONNECTION ldap://192.168.149.9:1389
#!DATE 2014-09-12T10:02:58.240
dn: uid=motUser.41,ou=External,dc=mot,dc=gov,dc=uk
objectClass: motUser
objectClass: top
objectClass: organizationalPerson
objectClass: person
cn: YOLANDE
sn: ROSSER
givenName: YOLANDE ROSSER
oAthCounter: 1
oAthSecret: 4095840935848509
oAthTokenID: T873465
mail: YOLANDE.ROSSER@localhost
uid: motUser.41
#inetUserStatus: Active
userPassword: password 


#!RESULT OK
#!CONNECTION ldap://192.168.149.9:1389
#!DATE 2014-09-12T10:02:58.284
dn: uid=motUser.42,ou=External,dc=mot,dc=gov,dc=uk
objectClass: motUser
objectClass: top
objectClass: organizationalPerson
objectClass: person
cn: CHERYL
sn: SITTIG
givenName: CHERYL SITTIG
oAthCounter: 1
oAthSecret: 4095840935848509
oAthTokenID: T873465
mail: CHERYL.SITTIG@localhost
uid: motUser.42
#inetUserStatus: Active
userPassword: password 


#!RESULT OK
#!CONNECTION ldap://192.168.149.9:1389
#!DATE 2014-09-12T10:02:58.313
dn: uid=motUser.43,ou=External,dc=mot,dc=gov,dc=uk
objectClass: motUser
objectClass: top
objectClass: organizationalPerson
objectClass: person
cn: ALIZA
sn: HOSKING
givenName: ALIZA HOSKING
oAthCounter: 1
oAthSecret: 4095840935848509
oAthTokenID: T873465
mail: ALIZA.HOSKING@localhost
uid: motUser.43
#inetUserStatus: Active
userPassword: password 


#!RESULT OK
#!CONNECTION ldap://192.168.149.9:1389
#!DATE 2014-09-12T10:02:58.342
dn: uid=motUser.44,ou=External,dc=mot,dc=gov,dc=uk
objectClass: motUser
objectClass: top
objectClass: organizationalPerson
objectClass: person
cn: VALORIE
sn: FURAY
givenName: VALORIE FURAY
oAthCounter: 1
oAthSecret: 4095840935848509
oAthTokenID: T873465
mail: VALORIE.FURAY@localhost
uid: motUser.44
#inetUserStatus: Active
userPassword: password 


#!RESULT OK
#!CONNECTION ldap://192.168.149.9:1389
#!DATE 2014-09-12T10:02:58.376
dn: uid=motUser.45,ou=External,dc=mot,dc=gov,dc=uk
objectClass: motUser
objectClass: top
objectClass: organizationalPerson
objectClass: person
cn: DENAE
sn: PANOWICZ
givenName: DENAE PANOWICZ
oAthCounter: 1
oAthSecret: 4095840935848509
oAthTokenID: T873465
mail: DENAE.PANOWICZ@localhost
uid: motUser.45
#inetUserStatus: Active
userPassword: password 


#!RESULT OK
#!CONNECTION ldap://192.168.149.9:1389
#!DATE 2014-09-12T10:02:58.408
dn: uid=motUser.46,ou=External,dc=mot,dc=gov,dc=uk
objectClass: motUser
objectClass: top
objectClass: organizationalPerson
objectClass: person
cn: FLO
sn: GRALA
givenName: FLO GRALA
oAthCounter: 1
oAthSecret: 4095840935848509
oAthTokenID: T873465
mail: FLO.GRALA@localhost
uid: motUser.46
#inetUserStatus: Active
userPassword: password 


#!RESULT OK
#!CONNECTION ldap://192.168.149.9:1389
#!DATE 2014-09-12T10:02:58.455
dn: uid=motUser.47,ou=External,dc=mot,dc=gov,dc=uk
objectClass: motUser
objectClass: top
objectClass: organizationalPerson
objectClass: person
cn: MAYOLA
sn: FISTER
givenName: MAYOLA FISTER
oAthCounter: 1
oAthSecret: 4095840935848509
oAthTokenID: T873465
mail: MAYOLA.FISTER@localhost
uid: motUser.47
#inetUserStatus: Active
userPassword: password 


#!RESULT OK
#!CONNECTION ldap://192.168.149.9:1389
#!DATE 2014-09-12T10:02:58.498
dn: uid=motUser.48,ou=External,dc=mot,dc=gov,dc=uk
objectClass: motUser
objectClass: top
objectClass: organizationalPerson
objectClass: person
cn: SUMMER
sn: WARDELL
givenName: SUMMER WARDELL
oAthCounter: 1
oAthSecret: 4095840935848509
oAthTokenID: T873465
mail: SUMMER.WARDELL@localhost
uid: motUser.48
#inetUserStatus: Active
userPassword: password 


#!RESULT OK
#!CONNECTION ldap://192.168.149.9:1389
#!DATE 2014-09-12T10:02:58.527
dn: uid=motUser.49,ou=External,dc=mot,dc=gov,dc=uk
objectClass: motUser
objectClass: top
objectClass: organizationalPerson
objectClass: person
cn: ELEONORE
sn: HERSHMAN
givenName: ELEONORE HERSHMAN
oAthCounter: 1
oAthSecret: 4095840935848509
oAthTokenID: T873465
mail: ELEONORE.HERSHMAN@localhost
uid: motUser.49
#inetUserStatus: Active
userPassword: password 


#!RESULT OK
#!CONNECTION ldap://192.168.149.9:1389
#!DATE 2014-09-12T10:02:58.577
dn: uid=motUser.50,ou=External,dc=mot,dc=gov,dc=uk
objectClass: motUser
objectClass: top
objectClass: organizationalPerson
objectClass: person
cn: PHEBE
sn: WALDEN
givenName: PHEBE WALDEN
oAthCounter: 1
oAthSecret: 4095840935848509
oAthTokenID: T873465
mail: PHEBE.WALDEN@localhost
uid: motUser.50
#inetUserStatus: Active
userPassword: password 


#!RESULT OK
#!CONNECTION ldap://192.168.149.9:1389
#!DATE 2014-09-12T10:02:58.618
dn: uid=motUser.51,ou=External,dc=mot,dc=gov,dc=uk
objectClass: motUser
objectClass: top
objectClass: organizationalPerson
objectClass: person
cn: ISIS
sn: HELMICH
givenName: ISIS HELMICH
oAthCounter: 1
oAthSecret: 4095840935848509
oAthTokenID: T873465
mail: ISIS.HELMICH@localhost
uid: motUser.51
#inetUserStatus: Active
userPassword: password 


#!RESULT OK
#!CONNECTION ldap://192.168.149.9:1389
#!DATE 2014-09-12T10:02:58.671
dn: uid=motUser.52,ou=External,dc=mot,dc=gov,dc=uk
objectClass: motUser
objectClass: top
objectClass: organizationalPerson
objectClass: person
cn: KALLIE
sn: HUESTIS
givenName: KALLIE HUESTIS
oAthCounter: 1
oAthSecret: 4095840935848509
oAthTokenID: T873465
mail: KALLIE.HUESTIS@localhost
uid: motUser.52
#inetUserStatus: Active
userPassword: password 


#!RESULT OK
#!CONNECTION ldap://192.168.149.9:1389
#!DATE 2014-09-12T10:02:58.711
dn: uid=motUser.53,ou=External,dc=mot,dc=gov,dc=uk
objectClass: motUser
objectClass: top
objectClass: organizationalPerson
objectClass: person
cn: LILLA
sn: BOYNES
givenName: LILLA BOYNES
oAthCounter: 1
oAthSecret: 4095840935848509
oAthTokenID: T873465
mail: LILLA.BOYNES@localhost
uid: motUser.53
#inetUserStatus: Active
userPassword: password 


#!RESULT OK
#!CONNECTION ldap://192.168.149.9:1389
#!DATE 2014-09-12T10:02:58.748
dn: uid=motUser.54,ou=External,dc=mot,dc=gov,dc=uk
objectClass: motUser
objectClass: top
objectClass: organizationalPerson
objectClass: person
cn: CLEOPATRA
sn: HATHAWAY
givenName: CLEOPATRA HATHAWAY
oAthCounter: 1
oAthSecret: 4095840935848509
oAthTokenID: T873465
mail: CLEOPATRA.HATHAWAY@localhost
uid: motUser.54
#inetUserStatus: Active
userPassword: password 


#!RESULT OK
#!CONNECTION ldap://192.168.149.9:1389
#!DATE 2014-09-12T10:02:58.795
dn: uid=motUser.55,ou=External,dc=mot,dc=gov,dc=uk
objectClass: motUser
objectClass: top
objectClass: organizationalPerson
objectClass: person
cn: VINNIE
sn: LIEBERG
givenName: VINNIE LIEBERG
oAthCounter: 1
oAthSecret: 4095840935848509
oAthTokenID: T873465
mail: VINNIE.LIEBERG@localhost
uid: motUser.55
#inetUserStatus: Active
userPassword: password 


#!RESULT OK
#!CONNECTION ldap://192.168.149.9:1389
#!DATE 2014-09-12T10:02:58.839
dn: uid=motUser.56,ou=External,dc=mot,dc=gov,dc=uk
objectClass: motUser
objectClass: top
objectClass: organizationalPerson
objectClass: person
cn: ROMAN
sn: VOLENTINE
givenName: ROMAN VOLENTINE
oAthCounter: 1
oAthSecret: 4095840935848509
oAthTokenID: T873465
mail: ROMAN.VOLENTINE@localhost
uid: motUser.56
#inetUserStatus: Active
userPassword: password 


#!RESULT OK
#!CONNECTION ldap://192.168.149.9:1389
#!DATE 2014-09-12T10:02:58.901
dn: uid=motUser.57,ou=External,dc=mot,dc=gov,dc=uk
objectClass: motUser
objectClass: top
objectClass: organizationalPerson
objectClass: person
cn: EMANUEL
sn: CANADA
givenName: EMANUEL CANADA
oAthCounter: 1
oAthSecret: 4095840935848509
oAthTokenID: T873465
mail: EMANUEL.CANADA@localhost
uid: motUser.57
#inetUserStatus: Active
userPassword: password 


#!RESULT OK
#!CONNECTION ldap://192.168.149.9:1389
#!DATE 2014-09-12T10:02:58.949
dn: uid=motUser.58,ou=External,dc=mot,dc=gov,dc=uk
objectClass: motUser
objectClass: top
objectClass: organizationalPerson
objectClass: person
cn: GENE
sn: DILLIARD
givenName: GENE DILLIARD
oAthCounter: 1
oAthSecret: 4095840935848509
oAthTokenID: T873465
mail: GENE.DILLIARD@localhost
uid: motUser.58
#inetUserStatus: Active
userPassword: password 


#!RESULT OK
#!CONNECTION ldap://192.168.149.9:1389
#!DATE 2014-09-12T10:02:58.996
dn: uid=motUser.59,ou=External,dc=mot,dc=gov,dc=uk
objectClass: motUser
objectClass: top
objectClass: organizationalPerson
objectClass: person
cn: LELA
sn: MASUDA
givenName: LELA MASUDA
oAthCounter: 1
oAthSecret: 4095840935848509
oAthTokenID: T873465
mail: LELA.MASUDA@localhost
uid: motUser.59
#inetUserStatus: Active
userPassword: password 


#!RESULT OK
#!CONNECTION ldap://192.168.149.9:1389
#!DATE 2014-09-12T10:02:59.027
dn: uid=motUser.60,ou=External,dc=mot,dc=gov,dc=uk
objectClass: motUser
objectClass: top
objectClass: organizationalPerson
objectClass: person
cn: ILLA
sn: HONIE
givenName: ILLA HONIE
oAthCounter: 1
oAthSecret: 4095840935848509
oAthTokenID: T873465
mail: ILLA.HONIE@localhost
uid: motUser.60
#inetUserStatus: Active
userPassword: password 


#!RESULT OK
#!CONNECTION ldap://192.168.149.9:1389
#!DATE 2014-09-12T10:02:59.074
dn: uid=motUser.61,ou=External,dc=mot,dc=gov,dc=uk
objectClass: motUser
objectClass: top
objectClass: organizationalPerson
objectClass: person
cn: ROLANDE
sn: GREIFE
givenName: ROLANDE GREIFE
oAthCounter: 1
oAthSecret: 4095840935848509
oAthTokenID: T873465
mail: ROLANDE.GREIFE@localhost
uid: motUser.61
#inetUserStatus: Active
userPassword: password 


#!RESULT OK
#!CONNECTION ldap://192.168.149.9:1389
#!DATE 2014-09-12T10:02:59.114
dn: uid=motUser.62,ou=External,dc=mot,dc=gov,dc=uk
objectClass: motUser
objectClass: top
objectClass: organizationalPerson
objectClass: person
cn: MOSES
sn: MISERENDINO
givenName: MOSES MISERENDINO
oAthCounter: 1
oAthSecret: 4095840935848509
oAthTokenID: T873465
mail: MOSES.MISERENDINO@localhost
uid: motUser.62
#inetUserStatus: Active
userPassword: password 


#!RESULT OK
#!CONNECTION ldap://192.168.149.9:1389
#!DATE 2014-09-12T10:02:59.137
dn: uid=motUser.63,ou=External,dc=mot,dc=gov,dc=uk
objectClass: motUser
objectClass: top
objectClass: organizationalPerson
objectClass: person
cn: KESHIA
sn: TORTELLI
givenName: KESHIA TORTELLI
oAthCounter: 1
oAthSecret: 4095840935848509
oAthTokenID: T873465
mail: KESHIA.TORTELLI@localhost
uid: motUser.63
#inetUserStatus: Active
userPassword: password 


#!RESULT OK
#!CONNECTION ldap://192.168.149.9:1389
#!DATE 2014-09-12T10:02:59.174
dn: uid=motUser.64,ou=External,dc=mot,dc=gov,dc=uk
objectClass: motUser
objectClass: top
objectClass: organizationalPerson
objectClass: person
cn: TANNA
sn: MILLERBERND
givenName: TANNA MILLERBERND
oAthCounter: 1
oAthSecret: 4095840935848509
oAthTokenID: T873465
mail: TANNA.MILLERBERND@localhost
uid: motUser.64
#inetUserStatus: Active
userPassword: password 


#!RESULT OK
#!CONNECTION ldap://192.168.149.9:1389
#!DATE 2014-09-12T10:02:59.225
dn: uid=motUser.65,ou=External,dc=mot,dc=gov,dc=uk
objectClass: motUser
objectClass: top
objectClass: organizationalPerson
objectClass: person
cn: ALEXANDRA
sn: NISHITANI
givenName: ALEXANDRA NISHITANI
oAthCounter: 1
oAthSecret: 4095840935848509
oAthTokenID: T873465
mail: ALEXANDRA.NISHITANI@localhost
uid: motUser.65
#inetUserStatus: Active
userPassword: password 


#!RESULT OK
#!CONNECTION ldap://192.168.149.9:1389
#!DATE 2014-09-12T10:02:59.280
dn: uid=motUser.66,ou=External,dc=mot,dc=gov,dc=uk
objectClass: motUser
objectClass: top
objectClass: organizationalPerson
objectClass: person
cn: LONDA
sn: NOWLAN
givenName: LONDA NOWLAN
oAthCounter: 1
oAthSecret: 4095840935848509
oAthTokenID: T873465
mail: LONDA.NOWLAN@localhost
uid: motUser.66
#inetUserStatus: Active
userPassword: password 


#!RESULT OK
#!CONNECTION ldap://192.168.149.9:1389
#!DATE 2014-09-12T10:02:59.341
dn: uid=motUser.67,ou=External,dc=mot,dc=gov,dc=uk
objectClass: motUser
objectClass: top
objectClass: organizationalPerson
objectClass: person
cn: CHIN
sn: URQUIDI
givenName: CHIN URQUIDI
oAthCounter: 1
oAthSecret: 4095840935848509
oAthTokenID: T873465
mail: CHIN.URQUIDI@localhost
uid: motUser.67
#inetUserStatus: Active
userPassword: password 


#!RESULT OK
#!CONNECTION ldap://192.168.149.9:1389
#!DATE 2014-09-12T10:02:59.391
dn: uid=motUser.68,ou=External,dc=mot,dc=gov,dc=uk
objectClass: motUser
objectClass: top
objectClass: organizationalPerson
objectClass: person
cn: CHRISTY
sn: REBEL
givenName: CHRISTY REBEL
oAthCounter: 1
oAthSecret: 4095840935848509
oAthTokenID: T873465
mail: CHRISTY.REBEL@localhost
uid: motUser.68
#inetUserStatus: Active
userPassword: password 


#!RESULT OK
#!CONNECTION ldap://192.168.149.9:1389
#!DATE 2014-09-12T10:02:59.434
dn: uid=motUser.69,ou=External,dc=mot,dc=gov,dc=uk
objectClass: motUser
objectClass: top
objectClass: organizationalPerson
objectClass: person
cn: MERCY
sn: GIERINGER
givenName: MERCY GIERINGER
oAthCounter: 1
oAthSecret: 4095840935848509
oAthTokenID: T873465
mail: MERCY.GIERINGER@localhost
uid: motUser.69
#inetUserStatus: Active
userPassword: password 


#!RESULT OK
#!CONNECTION ldap://192.168.149.9:1389
#!DATE 2014-09-12T10:02:59.477
dn: uid=motUser.70,ou=External,dc=mot,dc=gov,dc=uk
objectClass: motUser
objectClass: top
objectClass: organizationalPerson
objectClass: person
cn: SHEENA
sn: CEBULA
givenName: SHEENA CEBULA
oAthCounter: 1
oAthSecret: 4095840935848509
oAthTokenID: T873465
mail: SHEENA.CEBULA@localhost
uid: motUser.70
#inetUserStatus: Active
userPassword: password 


#!RESULT OK
#!CONNECTION ldap://192.168.149.9:1389
#!DATE 2014-09-12T10:02:59.525
dn: uid=motUser.71,ou=External,dc=mot,dc=gov,dc=uk
objectClass: motUser
objectClass: top
objectClass: organizationalPerson
objectClass: person
cn: DEEANN
sn: WENCLAWIAK
givenName: DEEANN WENCLAWIAK
oAthCounter: 1
oAthSecret: 4095840935848509
oAthTokenID: T873465
mail: DEEANN.WENCLAWIAK@localhost
uid: motUser.71
#inetUserStatus: Active
userPassword: password 


#!RESULT OK
#!CONNECTION ldap://192.168.149.9:1389
#!DATE 2014-09-12T10:02:59.566
dn: uid=motUser.72,ou=External,dc=mot,dc=gov,dc=uk
objectClass: motUser
objectClass: top
objectClass: organizationalPerson
objectClass: person
cn: ISABEL
sn: DONNAN
givenName: ISABEL DONNAN
oAthCounter: 1
oAthSecret: 4095840935848509
oAthTokenID: T873465
mail: ISABEL.DONNAN@localhost
uid: motUser.72
#inetUserStatus: Active
userPassword: password 


#!RESULT OK
#!CONNECTION ldap://192.168.149.9:1389
#!DATE 2014-09-12T10:02:59.606
dn: uid=motUser.73,ou=External,dc=mot,dc=gov,dc=uk
objectClass: motUser
objectClass: top
objectClass: organizationalPerson
objectClass: person
cn: IDALIA
sn: BENITEZ
givenName: IDALIA BENITEZ
oAthCounter: 1
oAthSecret: 4095840935848509
oAthTokenID: T873465
mail: IDALIA.BENITEZ@localhost
uid: motUser.73
#inetUserStatus: Active
userPassword: password 


#!RESULT OK
#!CONNECTION ldap://192.168.149.9:1389
#!DATE 2014-09-12T10:02:59.648
dn: uid=motUser.74,ou=External,dc=mot,dc=gov,dc=uk
objectClass: motUser
objectClass: top
objectClass: organizationalPerson
objectClass: person
cn: NITA
sn: VERLATO
givenName: NITA VERLATO
oAthCounter: 1
oAthSecret: 4095840935848509
oAthTokenID: T873465
mail: NITA.VERLATO@localhost
uid: motUser.74
#inetUserStatus: Active
userPassword: password 


#!RESULT OK
#!CONNECTION ldap://192.168.149.9:1389
#!DATE 2014-09-12T10:02:59.684
dn: uid=motUser.75,ou=External,dc=mot,dc=gov,dc=uk
objectClass: motUser
objectClass: top
objectClass: organizationalPerson
objectClass: person
cn: AILEEN
sn: TEANO
givenName: AILEEN TEANO
oAthCounter: 1
oAthSecret: 4095840935848509
oAthTokenID: T873465
mail: AILEEN.TEANO@localhost
uid: motUser.75
#inetUserStatus: Active
userPassword: password 


#!RESULT OK
#!CONNECTION ldap://192.168.149.9:1389
#!DATE 2014-09-12T10:02:59.714
dn: uid=motUser.76,ou=External,dc=mot,dc=gov,dc=uk
objectClass: motUser
objectClass: top
objectClass: organizationalPerson
objectClass: person
cn: AMALIA
sn: DONATIEN
givenName: AMALIA DONATIEN
oAthCounter: 1
oAthSecret: 4095840935848509
oAthTokenID: T873465
mail: AMALIA.DONATIEN@localhost
uid: motUser.76
#inetUserStatus: Active
userPassword: password 


#!RESULT OK
#!CONNECTION ldap://192.168.149.9:1389
#!DATE 2014-09-12T10:02:59.747
dn: uid=motUser.77,ou=External,dc=mot,dc=gov,dc=uk
objectClass: motUser
objectClass: top
objectClass: organizationalPerson
objectClass: person
cn: ANGLA
sn: PRITZKER
givenName: ANGLA PRITZKER
oAthCounter: 1
oAthSecret: 4095840935848509
oAthTokenID: T873465
mail: ANGLA.PRITZKER@localhost
uid: motUser.77
#inetUserStatus: Active
userPassword: password 


#!RESULT OK
#!CONNECTION ldap://192.168.149.9:1389
#!DATE 2014-09-12T10:02:59.806
dn: uid=motUser.78,ou=External,dc=mot,dc=gov,dc=uk
objectClass: motUser
objectClass: top
objectClass: organizationalPerson
objectClass: person
cn: CATHARINE
sn: SOUVANNARITH
givenName: CATHARINE SOUVANNARITH
oAthCounter: 1
oAthSecret: 4095840935848509
oAthTokenID: T873465
mail: CATHARINE.SOUVANNARITH@localhost
uid: motUser.78
#inetUserStatus: Active
userPassword: password 


#!RESULT OK
#!CONNECTION ldap://192.168.149.9:1389
#!DATE 2014-09-12T10:02:59.859
dn: uid=motUser.79,ou=External,dc=mot,dc=gov,dc=uk
objectClass: motUser
objectClass: top
objectClass: organizationalPerson
objectClass: person
cn: CARMON
sn: STEFANICK
givenName: CARMON STEFANICK
oAthCounter: 1
oAthSecret: 4095840935848509
oAthTokenID: T873465
mail: CARMON.STEFANICK@localhost
uid: motUser.79
#inetUserStatus: Active
userPassword: password 


#!RESULT OK
#!CONNECTION ldap://192.168.149.9:1389
#!DATE 2014-09-12T10:02:59.898
dn: uid=motUser.80,ou=External,dc=mot,dc=gov,dc=uk
objectClass: motUser
objectClass: top
objectClass: organizationalPerson
objectClass: person
cn: CHASTITY
sn: CARASCO
givenName: CHASTITY CARASCO
oAthCounter: 1
oAthSecret: 4095840935848509
oAthTokenID: T873465
mail: CHASTITY.CARASCO@localhost
uid: motUser.80
#inetUserStatus: Active
userPassword: password 


#!RESULT OK
#!CONNECTION ldap://192.168.149.9:1389
#!DATE 2014-09-12T10:02:59.925
dn: uid=motUser.81,ou=External,dc=mot,dc=gov,dc=uk
objectClass: motUser
objectClass: top
objectClass: organizationalPerson
objectClass: person
cn: TORRI
sn: SPRUILL
givenName: TORRI SPRUILL
oAthCounter: 1
oAthSecret: 4095840935848509
oAthTokenID: T873465
mail: TORRI.SPRUILL@localhost
uid: motUser.81
#inetUserStatus: Active
userPassword: password 


#!RESULT OK
#!CONNECTION ldap://192.168.149.9:1389
#!DATE 2014-09-12T10:02:59.941
dn: uid=motUser.82,ou=External,dc=mot,dc=gov,dc=uk
objectClass: motUser
objectClass: top
objectClass: organizationalPerson
objectClass: person
cn: FRANCE
sn: SAFRAN
givenName: FRANCE SAFRAN
oAthCounter: 1
oAthSecret: 4095840935848509
oAthTokenID: T873465
mail: FRANCE.SAFRAN@localhost
uid: motUser.82
#inetUserStatus: Active
userPassword: password 


#!RESULT OK
#!CONNECTION ldap://192.168.149.9:1389
#!DATE 2014-09-12T10:02:59.961
dn: uid=motUser.83,ou=External,dc=mot,dc=gov,dc=uk
objectClass: motUser
objectClass: top
objectClass: organizationalPerson
objectClass: person
cn: MELVINA
sn: KAUSHAL
givenName: MELVINA KAUSHAL
oAthCounter: 1
oAthSecret: 4095840935848509
oAthTokenID: T873465
mail: MELVINA.KAUSHAL@localhost
uid: motUser.83
#inetUserStatus: Active
userPassword: password 


#!RESULT OK
#!CONNECTION ldap://192.168.149.9:1389
#!DATE 2014-09-12T10:02:59.999
dn: uid=motUser.84,ou=External,dc=mot,dc=gov,dc=uk
objectClass: motUser
objectClass: top
objectClass: organizationalPerson
objectClass: person
cn: ETHELENE
sn: BELLAND
givenName: ETHELENE BELLAND
oAthCounter: 1
oAthSecret: 4095840935848509
oAthTokenID: T873465
mail: ETHELENE.BELLAND@localhost
uid: motUser.84
#inetUserStatus: Active
userPassword: password 


#!RESULT OK
#!CONNECTION ldap://192.168.149.9:1389
#!DATE 2014-09-12T10:03:00.016
dn: uid=motUser.85,ou=External,dc=mot,dc=gov,dc=uk
objectClass: motUser
objectClass: top
objectClass: organizationalPerson
objectClass: person
cn: PERLA
sn: DANSBURY
givenName: PERLA DANSBURY
oAthCounter: 1
oAthSecret: 4095840935848509
oAthTokenID: T873465
mail: PERLA.DANSBURY@localhost
uid: motUser.85
#inetUserStatus: Active
userPassword: password 


#!RESULT OK
#!CONNECTION ldap://192.168.149.9:1389
#!DATE 2014-09-12T10:03:00.037
dn: uid=motUser.86,ou=External,dc=mot,dc=gov,dc=uk
objectClass: motUser
objectClass: top
objectClass: organizationalPerson
objectClass: person
cn: JEANE
sn: COATLEY
givenName: JEANE COATLEY
oAthCounter: 1
oAthSecret: 4095840935848509
oAthTokenID: T873465
mail: JEANE.COATLEY@localhost
uid: motUser.86
#inetUserStatus: Active
userPassword: password 


#!RESULT OK
#!CONNECTION ldap://192.168.149.9:1389
#!DATE 2014-09-12T10:03:00.052
dn: uid=motUser.87,ou=External,dc=mot,dc=gov,dc=uk
objectClass: motUser
objectClass: top
objectClass: organizationalPerson
objectClass: person
cn: RENATA
sn: BUX
givenName: RENATA BUX
oAthCounter: 1
oAthSecret: 4095840935848509
oAthTokenID: T873465
mail: RENATA.BUX@localhost
uid: motUser.87
#inetUserStatus: Active
userPassword: password 


#!RESULT OK
#!CONNECTION ldap://192.168.149.9:1389
#!DATE 2014-09-12T10:03:00.089
dn: uid=motUser.88,ou=External,dc=mot,dc=gov,dc=uk
objectClass: motUser
objectClass: top
objectClass: organizationalPerson
objectClass: person
cn: CLEORA
sn: SUBLETTE
givenName: CLEORA SUBLETTE
oAthCounter: 1
oAthSecret: 4095840935848509
oAthTokenID: T873465
mail: CLEORA.SUBLETTE@localhost
uid: motUser.88
#inetUserStatus: Active
userPassword: password 


#!RESULT OK
#!CONNECTION ldap://192.168.149.9:1389
#!DATE 2014-09-12T10:03:00.108
dn: uid=motUser.89,ou=External,dc=mot,dc=gov,dc=uk
objectClass: motUser
objectClass: top
objectClass: organizationalPerson
objectClass: person
cn: NICOLETTE
sn: MOTIL
givenName: NICOLETTE MOTIL
oAthCounter: 1
oAthSecret: 4095840935848509
oAthTokenID: T873465
mail: NICOLETTE.MOTIL@localhost
uid: motUser.89
#inetUserStatus: Active
userPassword: password 


#!RESULT OK
#!CONNECTION ldap://192.168.149.9:1389
#!DATE 2014-09-12T10:03:00.127
dn: uid=motUser.90,ou=External,dc=mot,dc=gov,dc=uk
objectClass: motUser
objectClass: top
objectClass: organizationalPerson
objectClass: person
cn: TREVOR
sn: KITZROW
givenName: TREVOR KITZROW
oAthCounter: 1
oAthSecret: 4095840935848509
oAthTokenID: T873465
mail: TREVOR.KITZROW@localhost
uid: motUser.90
#inetUserStatus: Active
userPassword: password 


#!RESULT OK
#!CONNECTION ldap://192.168.149.9:1389
#!DATE 2014-09-12T10:03:00.143
dn: uid=motUser.91,ou=External,dc=mot,dc=gov,dc=uk
objectClass: motUser
objectClass: top
objectClass: organizationalPerson
objectClass: person
cn: CHU
sn: YUSEF
givenName: CHU YUSEF
oAthCounter: 1
oAthSecret: 4095840935848509
oAthTokenID: T873465
mail: CHU.YUSEF@localhost
uid: motUser.91
#inetUserStatus: Active
userPassword: password 


#!RESULT OK
#!CONNECTION ldap://192.168.149.9:1389
#!DATE 2014-09-12T10:03:00.172
dn: uid=motUser.92,ou=External,dc=mot,dc=gov,dc=uk
objectClass: motUser
objectClass: top
objectClass: organizationalPerson
objectClass: person
cn: KIMBERLIE
sn: MALCOMB
givenName: KIMBERLIE MALCOMB
oAthCounter: 1
oAthSecret: 4095840935848509
oAthTokenID: T873465
mail: KIMBERLIE.MALCOMB@localhost
uid: motUser.92
#inetUserStatus: Active
userPassword: password 


#!RESULT OK
#!CONNECTION ldap://192.168.149.9:1389
#!DATE 2014-09-12T10:03:00.193
dn: uid=motUser.93,ou=External,dc=mot,dc=gov,dc=uk
objectClass: motUser
objectClass: top
objectClass: organizationalPerson
objectClass: person
cn: LORI
sn: BROCKHOUSE
givenName: LORI BROCKHOUSE
oAthCounter: 1
oAthSecret: 4095840935848509
oAthTokenID: T873465
mail: LORI.BROCKHOUSE@localhost
uid: motUser.93
#inetUserStatus: Active
userPassword: password 


#!RESULT OK
#!CONNECTION ldap://192.168.149.9:1389
#!DATE 2014-09-12T10:03:00.211
dn: uid=motUser.94,ou=External,dc=mot,dc=gov,dc=uk
objectClass: motUser
objectClass: top
objectClass: organizationalPerson
objectClass: person
cn: SUZANNE
sn: SINKLER
givenName: SUZANNE SINKLER
oAthCounter: 1
oAthSecret: 4095840935848509
oAthTokenID: T873465
mail: SUZANNE.SINKLER@localhost
uid: motUser.94
#inetUserStatus: Active
userPassword: password 


#!RESULT OK
#!CONNECTION ldap://192.168.149.9:1389
#!DATE 2014-09-12T10:03:00.238
dn: uid=motUser.95,ou=External,dc=mot,dc=gov,dc=uk
objectClass: motUser
objectClass: top
objectClass: organizationalPerson
objectClass: person
cn: DARRICK
sn: MEDLING
givenName: DARRICK MEDLING
oAthCounter: 1
oAthSecret: 4095840935848509
oAthTokenID: T873465
mail: DARRICK.MEDLING@localhost
uid: motUser.95
#inetUserStatus: Active
userPassword: password 


#!RESULT OK
#!CONNECTION ldap://192.168.149.9:1389
#!DATE 2014-09-12T10:03:00.269
dn: uid=motUser.96,ou=External,dc=mot,dc=gov,dc=uk
objectClass: motUser
objectClass: top
objectClass: organizationalPerson
objectClass: person
cn: JEANNETTE
sn: BENDIXEN
givenName: JEANNETTE BENDIXEN
oAthCounter: 1
oAthSecret: 4095840935848509
oAthTokenID: T873465
mail: JEANNETTE.BENDIXEN@localhost
uid: motUser.96
#inetUserStatus: Active
userPassword: password 


#!RESULT OK
#!CONNECTION ldap://192.168.149.9:1389
#!DATE 2014-09-12T10:03:00.309
dn: uid=motUser.97,ou=External,dc=mot,dc=gov,dc=uk
objectClass: motUser
objectClass: top
objectClass: organizationalPerson
objectClass: person
cn: CAPRICE
sn: FECHTER
givenName: CAPRICE FECHTER
oAthCounter: 1
oAthSecret: 4095840935848509
oAthTokenID: T873465
mail: CAPRICE.FECHTER@localhost
uid: motUser.97
#inetUserStatus: Active
userPassword: password 


#!RESULT OK
#!CONNECTION ldap://192.168.149.9:1389
#!DATE 2014-09-12T10:03:00.346
dn: uid=motUser.98,ou=External,dc=mot,dc=gov,dc=uk
objectClass: motUser
objectClass: top
objectClass: organizationalPerson
objectClass: person
cn: HEIDI
sn: RAMES
givenName: HEIDI RAMES
oAthCounter: 1
oAthSecret: 4095840935848509
oAthTokenID: T873465
mail: HEIDI.RAMES@localhost
uid: motUser.98
#inetUserStatus: Active
userPassword: password 


#!RESULT OK
#!CONNECTION ldap://192.168.149.9:1389
#!DATE 2014-09-12T10:03:00.383
dn: uid=motUser.99,ou=External,dc=mot,dc=gov,dc=uk
objectClass: motUser
objectClass: top
objectClass: organizationalPerson
objectClass: person
cn: OLINDA
sn: STURINO
givenName: OLINDA STURINO
oAthCounter: 1
oAthSecret: 4095840935848509
oAthTokenID: T873465
mail: OLINDA.STURINO@localhost
uid: motUser.99
#inetUserStatus: Active
userPassword: password 


#!RESULT OK
#!CONNECTION ldap://192.168.149.9:1389
#!DATE 2014-09-12T10:03:00.402
dn: uid=motUser.100,ou=External,dc=mot,dc=gov,dc=uk
objectClass: motUser
objectClass: top
objectClass: organizationalPerson
objectClass: person
cn: WENDOLYN
sn: PICARDI
givenName: WENDOLYN PICARDI
oAthCounter: 1
oAthSecret: 4095840935848509
oAthTokenID: T873465
mail: WENDOLYN.PICARDI@localhost
uid: motUser.100
#inetUserStatus: Active
userPassword: password 


